[debug] [2024-08-03T17:55:05.616Z] ----------------------------------------------------------------------
[debug] [2024-08-03T17:55:05.618Z] Command:       /opt/homebrew/Cellar/node@20/20.13.1/bin/node /opt/homebrew/bin/firebase init
[debug] [2024-08-03T17:55:05.618Z] CLI Version:   13.8.3
[debug] [2024-08-03T17:55:05.618Z] Platform:      darwin
[debug] [2024-08-03T17:55:05.618Z] Node Version:  v20.13.1
[debug] [2024-08-03T17:55:05.618Z] Time:          Sat Aug 03 2024 23:25:05 GMT+0530 (India Standard Time)
[debug] [2024-08-03T17:55:05.618Z] ----------------------------------------------------------------------
[debug] 
[debug] [2024-08-03T17:55:05.620Z] >>> [apiv2][query] GET https://firebase-public.firebaseio.com/cli.json [none]
[debug] [2024-08-03T17:55:05.687Z] > command requires scopes: ["email","openid","https://www.googleapis.com/auth/cloudplatformprojects.readonly","https://www.googleapis.com/auth/firebase","https://www.googleapis.com/auth/cloud-platform"]
[debug] [2024-08-03T17:55:05.688Z] > authorizing via signed-in user (abinwc@techcoracorp.com)
[info] 
     ######## #### ########  ######## ########     ###     ######  ########
     ##        ##  ##     ## ##       ##     ##  ##   ##  ##       ##
     ######    ##  ########  ######   ########  #########  ######  ######
     ##        ##  ##    ##  ##       ##     ## ##     ##       ## ##
     ##       #### ##     ## ######## ########  ##     ##  ######  ########

You're about to initialize a Firebase project in this directory:

  /Users/abin/Documents/Techcora/projects/car-sales-service-management

Before we get started, keep in mind:

  * You are initializing within an existing Firebase project directory

[debug] [2024-08-03T17:55:22.325Z] <<< [apiv2][status] GET https://firebase-public.firebaseio.com/cli.json 200
[debug] [2024-08-03T17:55:22.326Z] <<< [apiv2][body] GET https://firebase-public.firebaseio.com/cli.json {"cloudBuildErrorAfter":1594252800000,"cloudBuildWarnAfter":1590019200000,"defaultNode10After":1594252800000,"minVersion":"3.0.5","node8DeploysDisabledAfter":1613390400000,"node8RuntimeDisabledAfter":1615809600000,"node8WarnAfter":1600128000000}
[info] 
=== Project Setup
[info] 
[info] First, let's associate this project directory with a Firebase project.
[info] You can create multiple project aliases by running firebase use --add, 
[info] but for now we'll just set up a default project.
[info] 
[debug] [2024-08-03T17:56:02.345Z] Using project from CLI flag: grace-autoservice
[debug] [2024-08-03T17:56:02.346Z] > refreshing access token with scopes: []
[debug] [2024-08-03T17:56:02.346Z] >>> [apiv2][query] POST https://www.googleapis.com/oauth2/v3/token [none]
[debug] [2024-08-03T17:56:02.347Z] >>> [apiv2][body] POST https://www.googleapis.com/oauth2/v3/token [omitted]
[debug] [2024-08-03T17:56:02.725Z] <<< [apiv2][status] POST https://www.googleapis.com/oauth2/v3/token 400
[debug] [2024-08-03T17:56:02.725Z] <<< [apiv2][body] POST https://www.googleapis.com/oauth2/v3/token [omitted]
[debug] [2024-08-03T17:56:02.725Z] Authentication Error: Your credentials are no longer valid. Please run firebase login --reauth

For CI servers and headless environments, generate a new token with firebase login:ci
[debug] [2024-08-03T17:56:02.726Z] FirebaseError: Authentication Error: Your credentials are no longer valid. Please run firebase login --reauth

For CI servers and headless environments, generate a new token with firebase login:ci
    at invalidCredentialError (/opt/homebrew/lib/node_modules/firebase-tools/lib/auth.js:142:12)
    at refreshTokens (/opt/homebrew/lib/node_modules/firebase-tools/lib/auth.js:515:15)
    at process.processTicksAndRejections (node:internal/process/task_queues:95:5)
    at async getAccessToken (/opt/homebrew/lib/node_modules/firebase-tools/lib/apiv2.js:40:18)
    at async Client.addAuthHeader (/opt/homebrew/lib/node_modules/firebase-tools/lib/apiv2.js:167:21)
    at async Client.request (/opt/homebrew/lib/node_modules/firebase-tools/lib/apiv2.js:118:34)
    at async getFirebaseProject (/opt/homebrew/lib/node_modules/firebase-tools/lib/management/projects.js:295:21)
    at async doSetup (/opt/homebrew/lib/node_modules/firebase-tools/lib/init/features/project.js:85:27)
    at async init (/opt/homebrew/lib/node_modules/firebase-tools/lib/init/index.js:39:9)
[error] 
[error] Error: Failed to get Firebase project grace-autoservice. Please make sure the project exists and your account has permission to access it.
[debug] [2024-08-03T17:57:28.903Z] ----------------------------------------------------------------------
[debug] [2024-08-03T17:57:28.905Z] Command:       /opt/homebrew/Cellar/node@20/20.13.1/bin/node /opt/homebrew/bin/firebase init
[debug] [2024-08-03T17:57:28.905Z] CLI Version:   13.8.3
[debug] [2024-08-03T17:57:28.905Z] Platform:      darwin
[debug] [2024-08-03T17:57:28.905Z] Node Version:  v20.13.1
[debug] [2024-08-03T17:57:28.906Z] Time:          Sat Aug 03 2024 23:27:28 GMT+0530 (India Standard Time)
[debug] [2024-08-03T17:57:28.906Z] ----------------------------------------------------------------------
[debug] 
[debug] [2024-08-03T17:57:28.910Z] > command requires scopes: ["email","openid","https://www.googleapis.com/auth/cloudplatformprojects.readonly","https://www.googleapis.com/auth/firebase","https://www.googleapis.com/auth/cloud-platform"]
[debug] [2024-08-03T17:57:28.910Z] > authorizing via signed-in user (abinwc@techcoracorp.com)
[info] 
     ######## #### ########  ######## ########     ###     ######  ########
     ##        ##  ##     ## ##       ##     ##  ##   ##  ##       ##
     ######    ##  ########  ######   ########  #########  ######  ######
     ##        ##  ##    ##  ##       ##     ## ##     ##       ## ##
     ##       #### ##     ## ######## ########  ##     ##  ######  ########

You're about to initialize a Firebase project in this directory:

  /Users/abin/Documents/Techcora/projects/car-sales-service-management

[info] 
=== Project Setup
[info] 
[info] First, let's associate this project directory with a Firebase project.
[info] You can create multiple project aliases by running firebase use --add, 
[info] but for now we'll just set up a default project.
[info] 
[debug] [2024-08-03T17:57:40.119Z] > refreshing access token with scopes: []
[debug] [2024-08-03T17:57:40.120Z] >>> [apiv2][query] POST https://www.googleapis.com/oauth2/v3/token [none]
[debug] [2024-08-03T17:57:40.120Z] >>> [apiv2][body] POST https://www.googleapis.com/oauth2/v3/token [omitted]
[debug] [2024-08-03T17:57:40.445Z] <<< [apiv2][status] POST https://www.googleapis.com/oauth2/v3/token 400
[debug] [2024-08-03T17:57:40.445Z] <<< [apiv2][body] POST https://www.googleapis.com/oauth2/v3/token [omitted]
[debug] [2024-08-03T17:57:40.445Z] Authentication Error: Your credentials are no longer valid. Please run firebase login --reauth

For CI servers and headless environments, generate a new token with firebase login:ci
[debug] [2024-08-03T17:57:40.446Z] FirebaseError: Authentication Error: Your credentials are no longer valid. Please run firebase login --reauth

For CI servers and headless environments, generate a new token with firebase login:ci
    at invalidCredentialError (/opt/homebrew/lib/node_modules/firebase-tools/lib/auth.js:142:12)
    at refreshTokens (/opt/homebrew/lib/node_modules/firebase-tools/lib/auth.js:515:15)
    at process.processTicksAndRejections (node:internal/process/task_queues:95:5)
    at async getAccessToken (/opt/homebrew/lib/node_modules/firebase-tools/lib/apiv2.js:40:18)
    at async Client.addAuthHeader (/opt/homebrew/lib/node_modules/firebase-tools/lib/apiv2.js:167:21)
    at async Client.request (/opt/homebrew/lib/node_modules/firebase-tools/lib/apiv2.js:118:34)
    at async getProjectPage (/opt/homebrew/lib/node_modules/firebase-tools/lib/management/projects.js:238:17)
    at async getFirebaseProjectPage (/opt/homebrew/lib/node_modules/firebase-tools/lib/management/projects.js:255:23)
    at async selectProjectInteractively (/opt/homebrew/lib/node_modules/firebase-tools/lib/management/projects.js:94:41)
    at async doSetup (/opt/homebrew/lib/node_modules/firebase-tools/lib/init/features/project.js:88:27)
[error] 
[error] Error: Failed to list Firebase projects. See firebase-debug.log for more info.
